2020-08-11 11:07:53,230 INFO o.a.j.u.JMeterUtils: Setting Locale to en_EN
2020-08-11 11:07:53,256 INFO o.a.j.JMeter: Loading user properties from: /usr/local/Cellar/jmeter/5.3/libexec/bin/user.properties
2020-08-11 11:07:53,257 INFO o.a.j.JMeter: Loading system properties from: /usr/local/Cellar/jmeter/5.3/libexec/bin/system.properties
2020-08-11 11:07:53,259 INFO o.a.j.JMeter: Copyright (c) 1998-2020 The Apache Software Foundation
2020-08-11 11:07:53,260 INFO o.a.j.JMeter: Version 5.3
2020-08-11 11:07:53,260 INFO o.a.j.JMeter: java.version=1.8.0_131
2020-08-11 11:07:53,260 INFO o.a.j.JMeter: java.vm.name=Java HotSpot(TM) 64-Bit Server VM
2020-08-11 11:07:53,260 INFO o.a.j.JMeter: os.name=Mac OS X
2020-08-11 11:07:53,260 INFO o.a.j.JMeter: os.arch=x86_64
2020-08-11 11:07:53,260 INFO o.a.j.JMeter: os.version=10.15.6
2020-08-11 11:07:53,260 INFO o.a.j.JMeter: file.encoding=UTF-8
2020-08-11 11:07:53,260 INFO o.a.j.JMeter: java.awt.headless=null
2020-08-11 11:07:53,261 INFO o.a.j.JMeter: Max memory     =1073741824
2020-08-11 11:07:53,261 INFO o.a.j.JMeter: Available Processors =8
2020-08-11 11:07:53,270 INFO o.a.j.JMeter: Default Locale=English (EN)
2020-08-11 11:07:53,270 INFO o.a.j.JMeter: JMeter  Locale=English (EN)
2020-08-11 11:07:53,270 INFO o.a.j.JMeter: JMeterHome=/usr/local/Cellar/jmeter/5.3/libexec
2020-08-11 11:07:53,270 INFO o.a.j.JMeter: user.dir  =/Users/andrelima/Desktop/dev/ltm-documentation/logs-ltm
2020-08-11 11:07:53,271 INFO o.a.j.JMeter: PWD       =/Users/andrelima/Desktop/dev/ltm-documentation/logs-ltm
2020-08-11 11:07:53,272 INFO o.a.j.JMeter: IP: 192.168.15.15 Name: Andres-MBP FullName: andres-mbp
2020-08-11 11:07:57,189 INFO o.a.j.JMeter: Setting LAF to: com.github.weisj.darklaf.DarkLaf:com.github.weisj.darklaf.theme.DarculaTheme
2020-08-11 11:07:59,015 INFO o.a.j.JMeter: Loaded icon properties from org/apache/jmeter/images/icon.properties
2020-08-11 11:08:00,371 INFO o.j.r.JARSourceHTTP: Requesting https://jmeter-plugins.org/repo/?installID=mac_os_x-828a60334da9d271e956a8253f409f2d-gui
2020-08-11 11:08:02,371 INFO o.j.r.PluginManager: Plugins Status: [jpgc-plugins-manager=1.3, jmeter-core=5.3, jmeter-ftp=5.3, jmeter-http=5.3, jmeter-jdbc=5.3, jmeter-jms=5.3, jmeter-junit=5.3, jmeter-java=5.3, jmeter-ldap=5.3, jmeter-mail=5.3, jmeter-mongodb=5.3, jmeter-native=5.3, jmeter-tcp=5.3, jmeter-components=5.3]
2020-08-11 11:08:02,373 INFO o.j.r.PluginManagerMenuItem: Plugins Manager has upgrades: [jpgc-plugins-manager]
2020-08-11 11:08:50,116 INFO o.a.j.s.FileServer: Default base='/Users/andrelima/Desktop/dev/ltm-documentation/logs-ltm'
2020-08-11 11:08:50,120 INFO o.a.j.g.a.Load: Loading file: /Users/andrelima/Desktop/dev/marketplace_jmeter_testplan/RagnarokIntegration/RagnarokIntegration_client_credentials.jmx
2020-08-11 11:08:50,120 INFO o.a.j.s.FileServer: Set new base='/Users/andrelima/Desktop/dev/marketplace_jmeter_testplan/RagnarokIntegration'
2020-08-11 11:08:50,276 INFO o.a.j.s.SaveService: Testplan (JMX) version: 2.2. Testlog (JTL) version: 2.2
2020-08-11 11:08:50,285 INFO o.a.j.s.SaveService: Using SaveService properties file encoding UTF-8
2020-08-11 11:08:50,287 INFO o.a.j.s.SaveService: Using SaveService properties version 5.0
2020-08-11 11:08:50,290 INFO o.a.j.s.SaveService: Loading file: /Users/andrelima/Desktop/dev/marketplace_jmeter_testplan/RagnarokIntegration/RagnarokIntegration_client_credentials.jmx
2020-08-11 11:08:50,548 INFO o.a.j.p.h.c.CookieManager: Settings: Delete null: true Check: true Allow variable: true Save: false Prefix: COOKIE_
2020-08-11 11:08:50,552 INFO o.a.j.p.h.s.HTTPSamplerBase: Parser for text/html is org.apache.jmeter.protocol.http.parser.LagartoBasedHtmlParser
2020-08-11 11:08:50,552 INFO o.a.j.p.h.s.HTTPSamplerBase: Parser for application/xhtml+xml is org.apache.jmeter.protocol.http.parser.LagartoBasedHtmlParser
2020-08-11 11:08:50,553 INFO o.a.j.p.h.s.HTTPSamplerBase: Parser for application/xml is org.apache.jmeter.protocol.http.parser.LagartoBasedHtmlParser
2020-08-11 11:08:50,553 INFO o.a.j.p.h.s.HTTPSamplerBase: Parser for text/xml is org.apache.jmeter.protocol.http.parser.LagartoBasedHtmlParser
2020-08-11 11:08:50,553 INFO o.a.j.p.h.s.HTTPSamplerBase: Parser for text/vnd.wap.wml is org.apache.jmeter.protocol.http.parser.RegexpHTMLParser
2020-08-11 11:08:50,553 INFO o.a.j.p.h.s.HTTPSamplerBase: Parser for text/css is org.apache.jmeter.protocol.http.parser.CssParser
2020-08-11 11:08:52,217 INFO o.a.j.s.SampleResult: Note: Sample TimeStamps are START times
2020-08-11 11:08:52,217 INFO o.a.j.s.SampleResult: sampleresult.default.encoding is set to ISO-8859-1
2020-08-11 11:08:52,218 INFO o.a.j.s.SampleResult: sampleresult.useNanoTime=true
2020-08-11 11:08:52,218 INFO o.a.j.s.SampleResult: sampleresult.nanoThreadSleep=5000
2020-08-11 11:08:52,667 INFO o.a.j.s.FileServer: Set new base='/Users/andrelima/Desktop/dev/marketplace_jmeter_testplan/RagnarokIntegration'
